<?xml version="1.0" encoding="UTF-8"?>
<!-- Generated by org.testng.reporters.JUnitXMLReporter -->
<testsuite hostname="sauravp-w03" ignored="0" name="Default test" tests="5" failures="0" timestamp="2020-02-16T19:46:28 EST" time="5.759" errors="0">
  <testcase name="div" time="0.012" classname="com.qa.tests.DemoTest"/>
  <testcase name="mul" time="0.001" classname="com.qa.tests.DemoTest"/>
  <testcase name="sub" time="0.001" classname="com.qa.tests.DemoTest"/>
  <testcase name="sum" time="0.001" classname="com.qa.tests.DemoTest"/>
  <testcase name="fun" time="5.697" classname="com.qa.tests.DemoLaunchBrowser"/>
</testsuite> <!-- Default test -->
