<?xml version="1.0" encoding="UTF-8"?>
<!-- Generated by org.testng.reporters.JUnitXMLReporter -->
<testsuite hostname="sauravp-w03" ignored="0" name="Test" tests="6" failures="0" timestamp="2020-02-17T12:59:33 EST" time="5.571" errors="0">
  <testcase name="display" time="0.014" classname="com.qa.tests.TestTrigger"/>
  <testcase name="div" time="0.003" classname="com.qa.tests.DemoTest"/>
  <testcase name="mul" time="0.0" classname="com.qa.tests.DemoTest"/>
  <testcase name="sub" time="0.001" classname="com.qa.tests.DemoTest"/>
  <testcase name="sum" time="0.001" classname="com.qa.tests.DemoTest"/>
  <testcase name="fun" time="5.506" classname="com.qa.tests.DemoLaunchBrowser"/>
</testsuite> <!-- Test -->
