<?xml version="1.0" encoding="UTF-8"?>
<testng-results skipped="0" failed="0" ignored="0" total="5" passed="5">
  <reporter-output>
  </reporter-output>
  <suite name="Default suite" duration-ms="5759" started-at="2020-02-16T19:46:22 EST" finished-at="2020-02-16T19:46:28 EST">
    <groups>
    </groups>
    <test name="Default test" duration-ms="5759" started-at="2020-02-16T19:46:22 EST" finished-at="2020-02-16T19:46:28 EST">
      <class name="com.qa.tests.DemoTest">
        <test-method status="PASS" signature="div()[pri:0, instance:com.qa.tests.DemoTest@2b9627bc]" name="div" duration-ms="12" started-at="2020-02-16T19:46:22 EST" finished-at="2020-02-16T19:46:22 EST">
          <reporter-output>
          </reporter-output>
        </test-method> <!-- div -->
        <test-method status="PASS" signature="mul()[pri:0, instance:com.qa.tests.DemoTest@2b9627bc]" name="mul" duration-ms="1" started-at="2020-02-16T19:46:22 EST" finished-at="2020-02-16T19:46:22 EST">
          <reporter-output>
          </reporter-output>
        </test-method> <!-- mul -->
        <test-method status="PASS" signature="sub()[pri:0, instance:com.qa.tests.DemoTest@2b9627bc]" name="sub" duration-ms="1" started-at="2020-02-16T19:46:22 EST" finished-at="2020-02-16T19:46:22 EST">
          <reporter-output>
          </reporter-output>
        </test-method> <!-- sub -->
        <test-method status="PASS" signature="sum()[pri:0, instance:com.qa.tests.DemoTest@2b9627bc]" name="sum" duration-ms="1" started-at="2020-02-16T19:46:22 EST" finished-at="2020-02-16T19:46:22 EST">
          <reporter-output>
          </reporter-output>
        </test-method> <!-- sum -->
      </class> <!-- com.qa.tests.DemoTest -->
      <class name="com.qa.tests.DemoLaunchBrowser">
        <test-method status="PASS" signature="fun()[pri:0, instance:com.qa.tests.DemoLaunchBrowser@65e2dbf3]" name="fun" duration-ms="5697" started-at="2020-02-16T19:46:22 EST" finished-at="2020-02-16T19:46:28 EST">
          <reporter-output>
          </reporter-output>
        </test-method> <!-- fun -->
      </class> <!-- com.qa.tests.DemoLaunchBrowser -->
    </test> <!-- Default test -->
  </suite> <!-- Default suite -->
</testng-results>
